<?xml version="1.0" encoding="UTF-8"?>
<!-- Generated by org.testng.reporters.JUnitReportReporter -->
<testsuite hostname="acer-PC" name="BabyExecute.BABYRUN" tests="1" failures="0" timestamp="3 Aug 2019 17:34:09 GMT" time="91.611" errors="0">
  <testcase name="testdemo" time="91.611" classname="BabyExecute.BABYRUN"/>
</testsuite> <!-- BabyExecute.BABYRUN -->
