<?xml version="1.0" encoding="UTF-8"?>
<!-- Generated by org.testng.reporters.JUnitReportReporter -->
<testsuite hostname="acer-PC" name="TestExecute.TestRun" tests="1" failures="0" timestamp="3 Aug 2019 18:23:14 GMT" time="148.293" errors="0">
  <testcase name="testdemo" time="148.293" classname="TestExecute.TestRun"/>
</testsuite> <!-- TestExecute.TestRun -->
